#! /usr/local/Cellar/icarus-verilog/11.0/bin/vvp
:ivl_version "11.0 (stable)";
:ivl_delay_selection "TYPICAL";
:vpi_time_precision + 0;
:vpi_module "/usr/local/Cellar/icarus-verilog/11.0/lib/ivl/system.vpi";
:vpi_module "/usr/local/Cellar/icarus-verilog/11.0/lib/ivl/vhdl_sys.vpi";
:vpi_module "/usr/local/Cellar/icarus-verilog/11.0/lib/ivl/vhdl_textio.vpi";
:vpi_module "/usr/local/Cellar/icarus-verilog/11.0/lib/ivl/v2005_math.vpi";
:vpi_module "/usr/local/Cellar/icarus-verilog/11.0/lib/ivl/va_math.vpi";
S_0x7fe8335080a0 .scope module, "parta" "parta" 2 1;
 .timescale 0 0;
    .port_info 0 /INPUT 1 "A";
    .port_info 1 /INPUT 1 "B";
    .port_info 2 /INPUT 1 "clk";
    .port_info 3 /OUTPUT 1 "X";
    .port_info 4 /OUTPUT 1 "Z";
o0x7fe833632008 .functor BUFZ 1, C4<z>; HiZ drive
v0x7fe833505aa0_0 .net "A", 0 0, o0x7fe833632008;  0 drivers
o0x7fe833632038 .functor BUFZ 1, C4<z>; HiZ drive
v0x7fe833518140_0 .net "B", 0 0, o0x7fe833632038;  0 drivers
v0x7fe8335181e0_0 .var "X", 0 0;
v0x7fe833518270_0 .var "Z", 0 0;
o0x7fe8336320c8 .functor BUFZ 1, C4<z>; HiZ drive
v0x7fe833518310_0 .net "clk", 0 0, o0x7fe8336320c8;  0 drivers
E_0x7fe833506a60 .event posedge, v0x7fe833518310_0;
    .scope S_0x7fe8335080a0;
T_0 ;
    %wait E_0x7fe833506a60;
    %load/vec4 v0x7fe833518140_0;
    %assign/vec4 v0x7fe8335181e0_0, 0;
    %load/vec4 v0x7fe833518270_0;
    %load/vec4 v0x7fe8335181e0_0;
    %and;
    %load/vec4 v0x7fe833505aa0_0;
    %or;
    %assign/vec4 v0x7fe833518270_0, 0;
    %jmp T_0;
    .thread T_0;
# The file index is used to find the file name in the following table.
:file_names 3;
    "N/A";
    "<interactive>";
    "parta.v";
